[ 2017-05-22T15:07:13+08:00 ] 127.0.0.1 /?c=Test&a=test&id=1
INFO: [ app_init ] --START--
INFO: Run Behavior\BuildLiteBehavior [ RunTime:0.000000s ]
INFO: [ app_init ] --END-- [ RunTime:0.002000s ]
INFO: [ app_begin ] --START--
INFO: Run Behavior\ReadHtmlCacheBehavior [ RunTime:0.001000s ]
INFO: [ app_begin ] --END-- [ RunTime:0.001000s ]
ERR: SQLSTATE[HY000] [1045] Access denied for user 'phpmyadmin'@'localhost' (using password: YES)

[ 2017-05-22T15:20:30+08:00 ] 127.0.0.1 /?c=Test&a=test&id=1
INFO: [ app_init ] --START--
INFO: Run Behavior\BuildLiteBehavior [ RunTime:0.000000s ]
INFO: [ app_init ] --END-- [ RunTime:0.001000s ]
INFO: [ app_begin ] --START--
INFO: Run Behavior\ReadHtmlCacheBehavior [ RunTime:0.001000s ]
INFO: [ app_begin ] --END-- [ RunTime:0.001000s ]
ERR: SQLSTATE[HY000] [1045] Access denied for user 'phpmyadmin'@'localhost' (using password: YES)

[ 2017-05-22T15:20:51+08:00 ] 127.0.0.1 /?c=Test&a=test&id=1
INFO: [ app_init ] --START--
INFO: Run Behavior\BuildLiteBehavior [ RunTime:0.000000s ]
INFO: [ app_init ] --END-- [ RunTime:0.001001s ]
INFO: [ app_begin ] --START--
INFO: Run Behavior\ReadHtmlCacheBehavior [ RunTime:0.001000s ]
INFO: [ app_begin ] --END-- [ RunTime:0.001000s ]

[ 2017-05-22T15:22:03+08:00 ] 127.0.0.1 /?c=Test&a=test&id=1
INFO: [ app_init ] --START--
INFO: Run Behavior\BuildLiteBehavior [ RunTime:0.000000s ]
INFO: [ app_init ] --END-- [ RunTime:0.000000s ]
INFO: [ app_begin ] --START--
INFO: Run Behavior\ReadHtmlCacheBehavior [ RunTime:0.000000s ]
INFO: [ app_begin ] --END-- [ RunTime:0.000000s ]
ERR: 1146:Table 'test.test1' doesn't exist
 [ SQLËØ≠Âè• ] : SHOW COLUMNS FROM `test1`
ERR: 1146:Table 'test.test1' doesn't exist
 [ SQLËØ≠Âè• ] : SHOW COLUMNS FROM `test1`

[ 2017-05-22T15:22:31+08:00 ] 127.0.0.1 /?c=Test&a=test&id=1
INFO: [ app_init ] --START--
INFO: Run Behavior\BuildLiteBehavior [ RunTime:0.001000s ]
INFO: [ app_init ] --END-- [ RunTime:0.001000s ]
INFO: [ app_begin ] --START--
INFO: Run Behavior\ReadHtmlCacheBehavior [ RunTime:0.001000s ]
INFO: [ app_begin ] --END-- [ RunTime:0.001000s ]
SQL: SHOW COLUMNS FROM `test` [ RunTime:0.0100s ]
SQL: SELECT * FROM `test`  [ RunTime:0.0000s ]
INFO: [ view_parse ] --START--
INFO: [ template_filter ] --START--
INFO: Run Behavior\ContentReplaceBehavior [ RunTime:0.000000s ]
INFO: [ template_filter ] --END-- [ RunTime:0.000000s ]
NOTIC: [8] Undefined index: number D:\www\dev3pay\branches\test\thinkphp\Application\Runtime\Cache\Home\d9f819b3b48479d96fea8a8f2f546a01.php Á¨¨ 13 Ë°å.
NOTIC: [8] Undefined index: number D:\www\dev3pay\branches\test\thinkphp\Application\Runtime\Cache\Home\d9f819b3b48479d96fea8a8f2f546a01.php Á¨¨ 13 Ë°å.
NOTIC: [8] Undefined index: number D:\www\dev3pay\branches\test\thinkphp\Application\Runtime\Cache\Home\d9f819b3b48479d96fea8a8f2f546a01.php Á¨¨ 13 Ë°å.
NOTIC: [8] Undefined index: number D:\www\dev3pay\branches\test\thinkphp\Application\Runtime\Cache\Home\d9f819b3b48479d96fea8a8f2f546a01.php Á¨¨ 13 Ë°å.
NOTIC: [8] Undefined index: number D:\www\dev3pay\branches\test\thinkphp\Application\Runtime\Cache\Home\d9f819b3b48479d96fea8a8f2f546a01.php Á¨¨ 13 Ë°å.
NOTIC: [8] Undefined index: number D:\www\dev3pay\branches\test\thinkphp\Application\Runtime\Cache\Home\d9f819b3b48479d96fea8a8f2f546a01.php Á¨¨ 13 Ë°å.
NOTIC: [8] Undefined index: number D:\www\dev3pay\branches\test\thinkphp\Application\Runtime\Cache\Home\d9f819b3b48479d96fea8a8f2f546a01.php Á¨¨ 13 Ë°å.
NOTIC: [8] Undefined index: number D:\www\dev3pay\branches\test\thinkphp\Application\Runtime\Cache\Home\d9f819b3b48479d96fea8a8f2f546a01.php Á¨¨ 13 Ë°å.
NOTIC: [8] Undefined index: number D:\www\dev3pay\branches\test\thinkphp\Application\Runtime\Cache\Home\d9f819b3b48479d96fea8a8f2f546a01.php Á¨¨ 13 Ë°å.
NOTIC: [8] Undefined index: number D:\www\dev3pay\branches\test\thinkphp\Application\Runtime\Cache\Home\d9f819b3b48479d96fea8a8f2f546a01.php Á¨¨ 13 Ë°å.
NOTIC: [8] Undefined index: number D:\www\dev3pay\branches\test\thinkphp\Application\Runtime\Cache\Home\d9f819b3b48479d96fea8a8f2f546a01.php Á¨¨ 13 Ë°å.
NOTIC: [8] Undefined index: number D:\www\dev3pay\branches\test\thinkphp\Application\Runtime\Cache\Home\d9f819b3b48479d96fea8a8f2f546a01.php Á¨¨ 13 Ë°å.
NOTIC: [8] Undefined index: number D:\www\dev3pay\branches\test\thinkphp\Application\Runtime\Cache\Home\d9f819b3b48479d96fea8a8f2f546a01.php Á¨¨ 13 Ë°å.
NOTIC: [8] Undefined index: number D:\www\dev3pay\branches\test\thinkphp\Application\Runtime\Cache\Home\d9f819b3b48479d96fea8a8f2f546a01.php Á¨¨ 13 Ë°å.
NOTIC: [8] Undefined index: number D:\www\dev3pay\branches\test\thinkphp\Application\Runtime\Cache\Home\d9f819b3b48479d96fea8a8f2f546a01.php Á¨¨ 13 Ë°å.
NOTIC: [8] Undefined index: number D:\www\dev3pay\branches\test\thinkphp\Application\Runtime\Cache\Home\d9f819b3b48479d96fea8a8f2f546a01.php Á¨¨ 13 Ë°å.
NOTIC: [8] Undefined index: number D:\www\dev3pay\branches\test\thinkphp\Application\Runtime\Cache\Home\d9f819b3b48479d96fea8a8f2f546a01.php Á¨¨ 13 Ë°å.
NOTIC: [8] Undefined index: number D:\www\dev3pay\branches\test\thinkphp\Application\Runtime\Cache\Home\d9f819b3b48479d96fea8a8f2f546a01.php Á¨¨ 13 Ë°å.
NOTIC: [8] Undefined index: number D:\www\dev3pay\branches\test\thinkphp\Application\Runtime\Cache\Home\d9f819b3b48479d96fea8a8f2f546a01.php Á¨¨ 13 Ë°å.
NOTIC: [8] Undefined index: number D:\www\dev3pay\branches\test\thinkphp\Application\Runtime\Cache\Home\d9f819b3b48479d96fea8a8f2f546a01.php Á¨¨ 13 Ë°å.
NOTIC: [8] Undefined index: number D:\www\dev3pay\branches\test\thinkphp\Application\Runtime\Cache\Home\d9f819b3b48479d96fea8a8f2f546a01.php Á¨¨ 13 Ë°å.
NOTIC: [8] Undefined index: number D:\www\dev3pay\branches\test\thinkphp\Application\Runtime\Cache\Home\d9f819b3b48479d96fea8a8f2f546a01.php Á¨¨ 13 Ë°å.
NOTIC: [8] Undefined index: number D:\www\dev3pay\branches\test\thinkphp\Application\Runtime\Cache\Home\d9f819b3b48479d96fea8a8f2f546a01.php Á¨¨ 13 Ë°å.
NOTIC: [8] Undefined variable: key D:\www\dev3pay\branches\test\thinkphp\Application\Runtime\Cache\Home\d9f819b3b48479d96fea8a8f2f546a01.php Á¨¨ 46 Ë°å.
INFO: Run Behavior\ParseTemplateBehavior [ RunTime:0.016001s ]
INFO: [ view_parse ] --END-- [ RunTime:0.017001s ]
INFO: [ view_filter ] --START--
INFO: Run Behavior\WriteHtmlCacheBehavior [ RunTime:0.000000s ]
INFO: [ view_filter ] --END-- [ RunTime:0.000000s ]
INFO: [ app_end ] --START--
INFO: Run Behavior\ShowPageTraceBehavior [ RunTime:0.001000s ]
INFO: [ app_end ] --END-- [ RunTime:0.001000s ]

[ 2017-05-22T15:22:32+08:00 ] 127.0.0.1 /?c=Test&a=test&id=1
INFO: [ app_init ] --START--
INFO: Run Behavior\BuildLiteBehavior [ RunTime:0.000000s ]
INFO: [ app_init ] --END-- [ RunTime:0.001000s ]
INFO: [ app_begin ] --START--
INFO: Run Behavior\ReadHtmlCacheBehavior [ RunTime:0.001000s ]
INFO: [ app_begin ] --END-- [ RunTime:0.001000s ]
SQL: SHOW COLUMNS FROM `test` [ RunTime:0.0070s ]
SQL: SELECT * FROM `test`  [ RunTime:0.0010s ]
INFO: [ view_parse ] --START--
INFO: [ template_filter ] --START--
INFO: Run Behavior\ContentReplaceBehavior [ RunTime:0.000000s ]
INFO: [ template_filter ] --END-- [ RunTime:0.000000s ]
NOTIC: [8] Undefined index: number D:\www\dev3pay\branches\test\thinkphp\Application\Runtime\Cache\Home\d9f819b3b48479d96fea8a8f2f546a01.php Á¨¨ 13 Ë°å.
NOTIC: [8] Undefined index: number D:\www\dev3pay\branches\test\thinkphp\Application\Runtime\Cache\Home\d9f819b3b48479d96fea8a8f2f546a01.php Á¨¨ 13 Ë°å.
NOTIC: [8] Undefined index: number D:\www\dev3pay\branches\test\thinkphp\Application\Runtime\Cache\Home\d9f819b3b48479d96fea8a8f2f546a01.php Á¨¨ 13 Ë°å.
NOTIC: [8] Undefined index: number D:\www\dev3pay\branches\test\thinkphp\Application\Runtime\Cache\Home\d9f819b3b48479d96fea8a8f2f546a01.php Á¨¨ 13 Ë°å.
NOTIC: [8] Undefined index: number D:\www\dev3pay\branches\test\thinkphp\Application\Runtime\Cache\Home\d9f819b3b48479d96fea8a8f2f546a01.php Á¨¨ 13 Ë°å.
NOTIC: [8] Undefined index: number D:\www\dev3pay\branches\test\thinkphp\Application\Runtime\Cache\Home\d9f819b3b48479d96fea8a8f2f546a01.php Á¨¨ 13 Ë°å.
NOTIC: [8] Undefined index: number D:\www\dev3pay\branches\test\thinkphp\Application\Runtime\Cache\Home\d9f819b3b48479d96fea8a8f2f546a01.php Á¨¨ 13 Ë°å.
NOTIC: [8] Undefined index: number D:\www\dev3pay\branches\test\thinkphp\Application\Runtime\Cache\Home\d9f819b3b48479d96fea8a8f2f546a01.php Á¨¨ 13 Ë°å.
NOTIC: [8] Undefined index: number D:\www\dev3pay\branches\test\thinkphp\Application\Runtime\Cache\Home\d9f819b3b48479d96fea8a8f2f546a01.php Á¨¨ 13 Ë°å.
NOTIC: [8] Undefined index: number D:\www\dev3pay\branches\test\thinkphp\Application\Runtime\Cache\Home\d9f819b3b48479d96fea8a8f2f546a01.php Á¨¨ 13 Ë°å.
NOTIC: [8] Undefined index: number D:\www\dev3pay\branches\test\thinkphp\Application\Runtime\Cache\Home\d9f819b3b48479d96fea8a8f2f546a01.php Á¨¨ 13 Ë°å.
NOTIC: [8] Undefined index: number D:\www\dev3pay\branches\test\thinkphp\Application\Runtime\Cache\Home\d9f819b3b48479d96fea8a8f2f546a01.php Á¨¨ 13 Ë°å.
NOTIC: [8] Undefined index: number D:\www\dev3pay\branches\test\thinkphp\Application\Runtime\Cache\Home\d9f819b3b48479d96fea8a8f2f546a01.php Á¨¨ 13 Ë°å.
NOTIC: [8] Undefined index: number D:\www\dev3pay\branches\test\thinkphp\Application\Runtime\Cache\Home\d9f819b3b48479d96fea8a8f2f546a01.php Á¨¨ 13 Ë°å.
NOTIC: [8] Undefined index: number D:\www\dev3pay\branches\test\thinkphp\Application\Runtime\Cache\Home\d9f819b3b48479d96fea8a8f2f546a01.php Á¨¨ 13 Ë°å.
NOTIC: [8] Undefined index: number D:\www\dev3pay\branches\test\thinkphp\Application\Runtime\Cache\Home\d9f819b3b48479d96fea8a8f2f546a01.php Á¨¨ 13 Ë°å.
NOTIC: [8] Undefined index: number D:\www\dev3pay\branches\test\thinkphp\Application\Runtime\Cache\Home\d9f819b3b48479d96fea8a8f2f546a01.php Á¨¨ 13 Ë°å.
NOTIC: [8] Undefined index: number D:\www\dev3pay\branches\test\thinkphp\Application\Runtime\Cache\Home\d9f819b3b48479d96fea8a8f2f546a01.php Á¨¨ 13 Ë°å.
NOTIC: [8] Undefined index: number D:\www\dev3pay\branches\test\thinkphp\Application\Runtime\Cache\Home\d9f819b3b48479d96fea8a8f2f546a01.php Á¨¨ 13 Ë°å.
NOTIC: [8] Undefined index: number D:\www\dev3pay\branches\test\thinkphp\Application\Runtime\Cache\Home\d9f819b3b48479d96fea8a8f2f546a01.php Á¨¨ 13 Ë°å.
NOTIC: [8] Undefined index: number D:\www\dev3pay\branches\test\thinkphp\Application\Runtime\Cache\Home\d9f819b3b48479d96fea8a8f2f546a01.php Á¨¨ 13 Ë°å.
NOTIC: [8] Undefined index: number D:\www\dev3pay\branches\test\thinkphp\Application\Runtime\Cache\Home\d9f819b3b48479d96fea8a8f2f546a01.php Á¨¨ 13 Ë°å.
NOTIC: [8] Undefined index: number D:\www\dev3pay\branches\test\thinkphp\Application\Runtime\Cache\Home\d9f819b3b48479d96fea8a8f2f546a01.php Á¨¨ 13 Ë°å.
NOTIC: [8] Undefined variable: key D:\www\dev3pay\branches\test\thinkphp\Application\Runtime\Cache\Home\d9f819b3b48479d96fea8a8f2f546a01.php Á¨¨ 46 Ë°å.
INFO: Run Behavior\ParseTemplateBehavior [ RunTime:0.013001s ]
INFO: [ view_parse ] --END-- [ RunTime:0.013001s ]
INFO: [ view_filter ] --START--
INFO: Run Behavior\WriteHtmlCacheBehavior [ RunTime:0.001000s ]
INFO: [ view_filter ] --END-- [ RunTime:0.001000s ]
INFO: [ app_end ] --START--
INFO: Run Behavior\ShowPageTraceBehavior [ RunTime:0.000000s ]
INFO: [ app_end ] --END-- [ RunTime:0.001000s ]

[ 2017-05-22T20:47:35+08:00 ] 127.0.0.1 /?c=Test&a=test&id=1
INFO: [ app_init ] --START--
INFO: Run Behavior\BuildLiteBehavior [ RunTime:0.000000s ]
INFO: [ app_init ] --END-- [ RunTime:0.000000s ]
INFO: [ app_begin ] --START--
INFO: Run Behavior\ReadHtmlCacheBehavior [ RunTime:0.001000s ]
INFO: [ app_begin ] --END-- [ RunTime:0.001000s ]
ERR: SQLSTATE[HY000] [2002] ”…”⁄ƒø±Íº∆À„ª˙ª˝º´æ‹æ¯£¨Œﬁ∑®¡¨Ω”°£


[ 2017-05-22T20:47:45+08:00 ] 127.0.0.1 /?c=Test&a=test&id=1
INFO: [ app_init ] --START--
INFO: Run Behavior\BuildLiteBehavior [ RunTime:0.000000s ]
INFO: [ app_init ] --END-- [ RunTime:0.001000s ]
INFO: [ app_begin ] --START--
INFO: Run Behavior\ReadHtmlCacheBehavior [ RunTime:0.001000s ]
INFO: [ app_begin ] --END-- [ RunTime:0.001000s ]
ERR: SQLSTATE[HY000] [2002] ”…”⁄ƒø±Íº∆À„ª˙ª˝º´æ‹æ¯£¨Œﬁ∑®¡¨Ω”°£


[ 2017-05-22T20:48:02+08:00 ] 127.0.0.1 /?c=Test&a=test&id=1
INFO: [ app_init ] --START--
INFO: Run Behavior\BuildLiteBehavior [ RunTime:0.000000s ]
INFO: [ app_init ] --END-- [ RunTime:0.000000s ]
INFO: [ app_begin ] --START--
INFO: Run Behavior\ReadHtmlCacheBehavior [ RunTime:0.001000s ]
INFO: [ app_begin ] --END-- [ RunTime:0.001000s ]
SQL: SHOW COLUMNS FROM `test` [ RunTime:0.0110s ]
SQL: SELECT * FROM `test`  [ RunTime:0.0010s ]
INFO: [ view_parse ] --START--
INFO: [ template_filter ] --START--
INFO: Run Behavior\ContentReplaceBehavior [ RunTime:0.000000s ]
INFO: [ template_filter ] --END-- [ RunTime:0.001001s ]
NOTIC: [8] Undefined index: number D:\www\dev3pay\branches\test\thinkphp\Application\Runtime\Cache\Home\d9f819b3b48479d96fea8a8f2f546a01.php Á¨¨ 13 Ë°å.
NOTIC: [8] Undefined index: number D:\www\dev3pay\branches\test\thinkphp\Application\Runtime\Cache\Home\d9f819b3b48479d96fea8a8f2f546a01.php Á¨¨ 13 Ë°å.
NOTIC: [8] Undefined index: number D:\www\dev3pay\branches\test\thinkphp\Application\Runtime\Cache\Home\d9f819b3b48479d96fea8a8f2f546a01.php Á¨¨ 13 Ë°å.
NOTIC: [8] Undefined index: number D:\www\dev3pay\branches\test\thinkphp\Application\Runtime\Cache\Home\d9f819b3b48479d96fea8a8f2f546a01.php Á¨¨ 13 Ë°å.
NOTIC: [8] Undefined index: number D:\www\dev3pay\branches\test\thinkphp\Application\Runtime\Cache\Home\d9f819b3b48479d96fea8a8f2f546a01.php Á¨¨ 13 Ë°å.
NOTIC: [8] Undefined index: number D:\www\dev3pay\branches\test\thinkphp\Application\Runtime\Cache\Home\d9f819b3b48479d96fea8a8f2f546a01.php Á¨¨ 13 Ë°å.
NOTIC: [8] Undefined index: number D:\www\dev3pay\branches\test\thinkphp\Application\Runtime\Cache\Home\d9f819b3b48479d96fea8a8f2f546a01.php Á¨¨ 13 Ë°å.
NOTIC: [8] Undefined index: number D:\www\dev3pay\branches\test\thinkphp\Application\Runtime\Cache\Home\d9f819b3b48479d96fea8a8f2f546a01.php Á¨¨ 13 Ë°å.
NOTIC: [8] Undefined index: number D:\www\dev3pay\branches\test\thinkphp\Application\Runtime\Cache\Home\d9f819b3b48479d96fea8a8f2f546a01.php Á¨¨ 13 Ë°å.
NOTIC: [8] Undefined index: number D:\www\dev3pay\branches\test\thinkphp\Application\Runtime\Cache\Home\d9f819b3b48479d96fea8a8f2f546a01.php Á¨¨ 13 Ë°å.
NOTIC: [8] Undefined index: number D:\www\dev3pay\branches\test\thinkphp\Application\Runtime\Cache\Home\d9f819b3b48479d96fea8a8f2f546a01.php Á¨¨ 13 Ë°å.
NOTIC: [8] Undefined index: number D:\www\dev3pay\branches\test\thinkphp\Application\Runtime\Cache\Home\d9f819b3b48479d96fea8a8f2f546a01.php Á¨¨ 13 Ë°å.
NOTIC: [8] Undefined index: number D:\www\dev3pay\branches\test\thinkphp\Application\Runtime\Cache\Home\d9f819b3b48479d96fea8a8f2f546a01.php Á¨¨ 13 Ë°å.
NOTIC: [8] Undefined index: number D:\www\dev3pay\branches\test\thinkphp\Application\Runtime\Cache\Home\d9f819b3b48479d96fea8a8f2f546a01.php Á¨¨ 13 Ë°å.
NOTIC: [8] Undefined index: number D:\www\dev3pay\branches\test\thinkphp\Application\Runtime\Cache\Home\d9f819b3b48479d96fea8a8f2f546a01.php Á¨¨ 13 Ë°å.
NOTIC: [8] Undefined index: number D:\www\dev3pay\branches\test\thinkphp\Application\Runtime\Cache\Home\d9f819b3b48479d96fea8a8f2f546a01.php Á¨¨ 13 Ë°å.
NOTIC: [8] Undefined index: number D:\www\dev3pay\branches\test\thinkphp\Application\Runtime\Cache\Home\d9f819b3b48479d96fea8a8f2f546a01.php Á¨¨ 13 Ë°å.
NOTIC: [8] Undefined index: number D:\www\dev3pay\branches\test\thinkphp\Application\Runtime\Cache\Home\d9f819b3b48479d96fea8a8f2f546a01.php Á¨¨ 13 Ë°å.
NOTIC: [8] Undefined index: number D:\www\dev3pay\branches\test\thinkphp\Application\Runtime\Cache\Home\d9f819b3b48479d96fea8a8f2f546a01.php Á¨¨ 13 Ë°å.
NOTIC: [8] Undefined index: number D:\www\dev3pay\branches\test\thinkphp\Application\Runtime\Cache\Home\d9f819b3b48479d96fea8a8f2f546a01.php Á¨¨ 13 Ë°å.
NOTIC: [8] Undefined index: number D:\www\dev3pay\branches\test\thinkphp\Application\Runtime\Cache\Home\d9f819b3b48479d96fea8a8f2f546a01.php Á¨¨ 13 Ë°å.
NOTIC: [8] Undefined index: number D:\www\dev3pay\branches\test\thinkphp\Application\Runtime\Cache\Home\d9f819b3b48479d96fea8a8f2f546a01.php Á¨¨ 13 Ë°å.
NOTIC: [8] Undefined index: number D:\www\dev3pay\branches\test\thinkphp\Application\Runtime\Cache\Home\d9f819b3b48479d96fea8a8f2f546a01.php Á¨¨ 13 Ë°å.
NOTIC: [8] Undefined variable: key D:\www\dev3pay\branches\test\thinkphp\Application\Runtime\Cache\Home\d9f819b3b48479d96fea8a8f2f546a01.php Á¨¨ 46 Ë°å.
INFO: Run Behavior\ParseTemplateBehavior [ RunTime:0.012001s ]
INFO: [ view_parse ] --END-- [ RunTime:0.013001s ]
INFO: [ view_filter ] --START--
INFO: Run Behavior\WriteHtmlCacheBehavior [ RunTime:0.000000s ]
INFO: [ view_filter ] --END-- [ RunTime:0.000000s ]
INFO: [ app_end ] --START--
INFO: Run Behavior\ShowPageTraceBehavior [ RunTime:0.001000s ]
INFO: [ app_end ] --END-- [ RunTime:0.001000s ]

[ 2017-05-22T20:48:08+08:00 ] 127.0.0.1 /?c=Test&a=test&id=1
INFO: [ app_init ] --START--
INFO: Run Behavior\BuildLiteBehavior [ RunTime:0.000000s ]
INFO: [ app_init ] --END-- [ RunTime:0.001000s ]
INFO: [ app_begin ] --START--
INFO: Run Behavior\ReadHtmlCacheBehavior [ RunTime:0.001000s ]
INFO: [ app_begin ] --END-- [ RunTime:0.001000s ]
SQL: SHOW COLUMNS FROM `test` [ RunTime:0.0090s ]
SQL: SELECT * FROM `test`  [ RunTime:0.0010s ]
INFO: [ view_parse ] --START--
INFO: [ template_filter ] --START--
INFO: Run Behavior\ContentReplaceBehavior [ RunTime:0.000000s ]
INFO: [ template_filter ] --END-- [ RunTime:0.000000s ]
NOTIC: [8] Undefined index: number D:\www\dev3pay\branches\test\thinkphp\Application\Runtime\Cache\Home\d9f819b3b48479d96fea8a8f2f546a01.php Á¨¨ 13 Ë°å.
NOTIC: [8] Undefined index: number D:\www\dev3pay\branches\test\thinkphp\Application\Runtime\Cache\Home\d9f819b3b48479d96fea8a8f2f546a01.php Á¨¨ 13 Ë°å.
NOTIC: [8] Undefined index: number D:\www\dev3pay\branches\test\thinkphp\Application\Runtime\Cache\Home\d9f819b3b48479d96fea8a8f2f546a01.php Á¨¨ 13 Ë°å.
NOTIC: [8] Undefined index: number D:\www\dev3pay\branches\test\thinkphp\Application\Runtime\Cache\Home\d9f819b3b48479d96fea8a8f2f546a01.php Á¨¨ 13 Ë°å.
NOTIC: [8] Undefined index: number D:\www\dev3pay\branches\test\thinkphp\Application\Runtime\Cache\Home\d9f819b3b48479d96fea8a8f2f546a01.php Á¨¨ 13 Ë°å.
NOTIC: [8] Undefined index: number D:\www\dev3pay\branches\test\thinkphp\Application\Runtime\Cache\Home\d9f819b3b48479d96fea8a8f2f546a01.php Á¨¨ 13 Ë°å.
NOTIC: [8] Undefined index: number D:\www\dev3pay\branches\test\thinkphp\Application\Runtime\Cache\Home\d9f819b3b48479d96fea8a8f2f546a01.php Á¨¨ 13 Ë°å.
NOTIC: [8] Undefined index: number D:\www\dev3pay\branches\test\thinkphp\Application\Runtime\Cache\Home\d9f819b3b48479d96fea8a8f2f546a01.php Á¨¨ 13 Ë°å.
NOTIC: [8] Undefined index: number D:\www\dev3pay\branches\test\thinkphp\Application\Runtime\Cache\Home\d9f819b3b48479d96fea8a8f2f546a01.php Á¨¨ 13 Ë°å.
NOTIC: [8] Undefined index: number D:\www\dev3pay\branches\test\thinkphp\Application\Runtime\Cache\Home\d9f819b3b48479d96fea8a8f2f546a01.php Á¨¨ 13 Ë°å.
NOTIC: [8] Undefined index: number D:\www\dev3pay\branches\test\thinkphp\Application\Runtime\Cache\Home\d9f819b3b48479d96fea8a8f2f546a01.php Á¨¨ 13 Ë°å.
NOTIC: [8] Undefined index: number D:\www\dev3pay\branches\test\thinkphp\Application\Runtime\Cache\Home\d9f819b3b48479d96fea8a8f2f546a01.php Á¨¨ 13 Ë°å.
NOTIC: [8] Undefined index: number D:\www\dev3pay\branches\test\thinkphp\Application\Runtime\Cache\Home\d9f819b3b48479d96fea8a8f2f546a01.php Á¨¨ 13 Ë°å.
NOTIC: [8] Undefined index: number D:\www\dev3pay\branches\test\thinkphp\Application\Runtime\Cache\Home\d9f819b3b48479d96fea8a8f2f546a01.php Á¨¨ 13 Ë°å.
NOTIC: [8] Undefined index: number D:\www\dev3pay\branches\test\thinkphp\Application\Runtime\Cache\Home\d9f819b3b48479d96fea8a8f2f546a01.php Á¨¨ 13 Ë°å.
NOTIC: [8] Undefined index: number D:\www\dev3pay\branches\test\thinkphp\Application\Runtime\Cache\Home\d9f819b3b48479d96fea8a8f2f546a01.php Á¨¨ 13 Ë°å.
NOTIC: [8] Undefined index: number D:\www\dev3pay\branches\test\thinkphp\Application\Runtime\Cache\Home\d9f819b3b48479d96fea8a8f2f546a01.php Á¨¨ 13 Ë°å.
NOTIC: [8] Undefined index: number D:\www\dev3pay\branches\test\thinkphp\Application\Runtime\Cache\Home\d9f819b3b48479d96fea8a8f2f546a01.php Á¨¨ 13 Ë°å.
NOTIC: [8] Undefined index: number D:\www\dev3pay\branches\test\thinkphp\Application\Runtime\Cache\Home\d9f819b3b48479d96fea8a8f2f546a01.php Á¨¨ 13 Ë°å.
NOTIC: [8] Undefined index: number D:\www\dev3pay\branches\test\thinkphp\Application\Runtime\Cache\Home\d9f819b3b48479d96fea8a8f2f546a01.php Á¨¨ 13 Ë°å.
NOTIC: [8] Undefined index: number D:\www\dev3pay\branches\test\thinkphp\Application\Runtime\Cache\Home\d9f819b3b48479d96fea8a8f2f546a01.php Á¨¨ 13 Ë°å.
NOTIC: [8] Undefined index: number D:\www\dev3pay\branches\test\thinkphp\Application\Runtime\Cache\Home\d9f819b3b48479d96fea8a8f2f546a01.php Á¨¨ 13 Ë°å.
NOTIC: [8] Undefined index: number D:\www\dev3pay\branches\test\thinkphp\Application\Runtime\Cache\Home\d9f819b3b48479d96fea8a8f2f546a01.php Á¨¨ 13 Ë°å.
NOTIC: [8] Undefined variable: key D:\www\dev3pay\branches\test\thinkphp\Application\Runtime\Cache\Home\d9f819b3b48479d96fea8a8f2f546a01.php Á¨¨ 46 Ë°å.
INFO: Run Behavior\ParseTemplateBehavior [ RunTime:0.012000s ]
INFO: [ view_parse ] --END-- [ RunTime:0.013001s ]
INFO: [ view_filter ] --START--
INFO: Run Behavior\WriteHtmlCacheBehavior [ RunTime:0.000000s ]
INFO: [ view_filter ] --END-- [ RunTime:0.000000s ]
INFO: [ app_end ] --START--
INFO: Run Behavior\ShowPageTraceBehavior [ RunTime:0.001000s ]
INFO: [ app_end ] --END-- [ RunTime:0.001000s ]

[ 2017-05-22T20:51:21+08:00 ] 127.0.0.1 /?m=home&c=Test&a=test&id=1
INFO: [ app_init ] --START--
INFO: Run Behavior\BuildLiteBehavior [ RunTime:0.000000s ]
INFO: [ app_init ] --END-- [ RunTime:0.001000s ]
INFO: [ app_begin ] --START--
INFO: Run Behavior\ReadHtmlCacheBehavior [ RunTime:0.001001s ]
INFO: [ app_begin ] --END-- [ RunTime:0.001001s ]
SQL: SHOW COLUMNS FROM `test` [ RunTime:0.0080s ]
SQL: SELECT * FROM `test`  [ RunTime:0.0000s ]
INFO: [ view_parse ] --START--
INFO: [ template_filter ] --START--
INFO: Run Behavior\ContentReplaceBehavior [ RunTime:0.000000s ]
INFO: [ template_filter ] --END-- [ RunTime:0.001000s ]
NOTIC: [8] Undefined index: number D:\www\dev3pay\branches\test\thinkphp\Application\Runtime\Cache\Home\d9f819b3b48479d96fea8a8f2f546a01.php Á¨¨ 13 Ë°å.
NOTIC: [8] Undefined index: number D:\www\dev3pay\branches\test\thinkphp\Application\Runtime\Cache\Home\d9f819b3b48479d96fea8a8f2f546a01.php Á¨¨ 13 Ë°å.
NOTIC: [8] Undefined index: number D:\www\dev3pay\branches\test\thinkphp\Application\Runtime\Cache\Home\d9f819b3b48479d96fea8a8f2f546a01.php Á¨¨ 13 Ë°å.
NOTIC: [8] Undefined index: number D:\www\dev3pay\branches\test\thinkphp\Application\Runtime\Cache\Home\d9f819b3b48479d96fea8a8f2f546a01.php Á¨¨ 13 Ë°å.
NOTIC: [8] Undefined index: number D:\www\dev3pay\branches\test\thinkphp\Application\Runtime\Cache\Home\d9f819b3b48479d96fea8a8f2f546a01.php Á¨¨ 13 Ë°å.
NOTIC: [8] Undefined index: number D:\www\dev3pay\branches\test\thinkphp\Application\Runtime\Cache\Home\d9f819b3b48479d96fea8a8f2f546a01.php Á¨¨ 13 Ë°å.
NOTIC: [8] Undefined index: number D:\www\dev3pay\branches\test\thinkphp\Application\Runtime\Cache\Home\d9f819b3b48479d96fea8a8f2f546a01.php Á¨¨ 13 Ë°å.
NOTIC: [8] Undefined index: number D:\www\dev3pay\branches\test\thinkphp\Application\Runtime\Cache\Home\d9f819b3b48479d96fea8a8f2f546a01.php Á¨¨ 13 Ë°å.
NOTIC: [8] Undefined index: number D:\www\dev3pay\branches\test\thinkphp\Application\Runtime\Cache\Home\d9f819b3b48479d96fea8a8f2f546a01.php Á¨¨ 13 Ë°å.
NOTIC: [8] Undefined index: number D:\www\dev3pay\branches\test\thinkphp\Application\Runtime\Cache\Home\d9f819b3b48479d96fea8a8f2f546a01.php Á¨¨ 13 Ë°å.
NOTIC: [8] Undefined index: number D:\www\dev3pay\branches\test\thinkphp\Application\Runtime\Cache\Home\d9f819b3b48479d96fea8a8f2f546a01.php Á¨¨ 13 Ë°å.
NOTIC: [8] Undefined index: number D:\www\dev3pay\branches\test\thinkphp\Application\Runtime\Cache\Home\d9f819b3b48479d96fea8a8f2f546a01.php Á¨¨ 13 Ë°å.
NOTIC: [8] Undefined index: number D:\www\dev3pay\branches\test\thinkphp\Application\Runtime\Cache\Home\d9f819b3b48479d96fea8a8f2f546a01.php Á¨¨ 13 Ë°å.
NOTIC: [8] Undefined index: number D:\www\dev3pay\branches\test\thinkphp\Application\Runtime\Cache\Home\d9f819b3b48479d96fea8a8f2f546a01.php Á¨¨ 13 Ë°å.
NOTIC: [8] Undefined index: number D:\www\dev3pay\branches\test\thinkphp\Application\Runtime\Cache\Home\d9f819b3b48479d96fea8a8f2f546a01.php Á¨¨ 13 Ë°å.
NOTIC: [8] Undefined index: number D:\www\dev3pay\branches\test\thinkphp\Application\Runtime\Cache\Home\d9f819b3b48479d96fea8a8f2f546a01.php Á¨¨ 13 Ë°å.
NOTIC: [8] Undefined index: number D:\www\dev3pay\branches\test\thinkphp\Application\Runtime\Cache\Home\d9f819b3b48479d96fea8a8f2f546a01.php Á¨¨ 13 Ë°å.
NOTIC: [8] Undefined index: number D:\www\dev3pay\branches\test\thinkphp\Application\Runtime\Cache\Home\d9f819b3b48479d96fea8a8f2f546a01.php Á¨¨ 13 Ë°å.
NOTIC: [8] Undefined index: number D:\www\dev3pay\branches\test\thinkphp\Application\Runtime\Cache\Home\d9f819b3b48479d96fea8a8f2f546a01.php Á¨¨ 13 Ë°å.
NOTIC: [8] Undefined index: number D:\www\dev3pay\branches\test\thinkphp\Application\Runtime\Cache\Home\d9f819b3b48479d96fea8a8f2f546a01.php Á¨¨ 13 Ë°å.
NOTIC: [8] Undefined index: number D:\www\dev3pay\branches\test\thinkphp\Application\Runtime\Cache\Home\d9f819b3b48479d96fea8a8f2f546a01.php Á¨¨ 13 Ë°å.
NOTIC: [8] Undefined index: number D:\www\dev3pay\branches\test\thinkphp\Application\Runtime\Cache\Home\d9f819b3b48479d96fea8a8f2f546a01.php Á¨¨ 13 Ë°å.
NOTIC: [8] Undefined index: number D:\www\dev3pay\branches\test\thinkphp\Application\Runtime\Cache\Home\d9f819b3b48479d96fea8a8f2f546a01.php Á¨¨ 13 Ë°å.
NOTIC: [8] Undefined variable: key D:\www\dev3pay\branches\test\thinkphp\Application\Runtime\Cache\Home\d9f819b3b48479d96fea8a8f2f546a01.php Á¨¨ 46 Ë°å.
INFO: Run Behavior\ParseTemplateBehavior [ RunTime:0.012000s ]
INFO: [ view_parse ] --END-- [ RunTime:0.012000s ]
INFO: [ view_filter ] --START--
INFO: Run Behavior\WriteHtmlCacheBehavior [ RunTime:0.001001s ]
INFO: [ view_filter ] --END-- [ RunTime:0.001001s ]
INFO: [ app_end ] --START--
INFO: Run Behavior\ShowPageTraceBehavior [ RunTime:0.001000s ]
INFO: [ app_end ] --END-- [ RunTime:0.001000s ]

[ 2017-05-22T20:51:55+08:00 ] 127.0.0.1 /?m=HOME&c=Test&a=test&id=1
INFO: [ app_init ] --START--
INFO: Run Behavior\BuildLiteBehavior [ RunTime:0.000000s ]
INFO: [ app_init ] --END-- [ RunTime:0.001000s ]
INFO: [ app_begin ] --START--
INFO: Run Behavior\ReadHtmlCacheBehavior [ RunTime:0.001000s ]
INFO: [ app_begin ] --END-- [ RunTime:0.001000s ]
NOTIC: [2] include(d:/www/dev3pay/branches/test/thinkphp/./Application//HOME/Controller/TestController.php): failed to open stream: No such file or directory D:\www\dev3pay\branches\test\thinkphp\Application\Home\Conf\config.php Á¨¨ 20 Ë°å.
NOTIC: [2] include(): Failed opening 'd:/www/dev3pay/branches/test/thinkphp/./Application//HOME/Controller/TestController.php' for inclusion (include_path='.;C:\php\pear') D:\www\dev3pay\branches\test\thinkphp\Application\Home\Conf\config.php Á¨¨ 20 Ë°å.
NOTIC: [2] include(d:/www/dev3pay/branches/test/thinkphp/./Application//HOME/Controller/EmptyController.php): failed to open stream: No such file or directory D:\www\dev3pay\branches\test\thinkphp\Application\Home\Conf\config.php Á¨¨ 20 Ë°å.
NOTIC: [2] include(): Failed opening 'd:/www/dev3pay/branches/test/thinkphp/./Application//HOME/Controller/EmptyController.php' for inclusion (include_path='.;C:\php\pear') D:\www\dev3pay\branches\test\thinkphp\Application\Home\Conf\config.php Á¨¨ 20 Ë°å.
ERR: Êó†Ê≥ïÂä†ËΩΩÊéßÂà∂Âô®:Test

[ 2017-05-22T20:52:06+08:00 ] 127.0.0.1 /?m=home&c=Test&a=test&id=1
INFO: [ app_init ] --START--
INFO: Run Behavior\BuildLiteBehavior [ RunTime:0.000000s ]
INFO: [ app_init ] --END-- [ RunTime:0.000000s ]
INFO: [ app_begin ] --START--
INFO: Run Behavior\ReadHtmlCacheBehavior [ RunTime:0.000000s ]
INFO: [ app_begin ] --END-- [ RunTime:0.000000s ]
SQL: SHOW COLUMNS FROM `test` [ RunTime:0.0090s ]
SQL: SELECT * FROM `test`  [ RunTime:0.0000s ]
INFO: [ view_parse ] --START--
INFO: [ template_filter ] --START--
INFO: Run Behavior\ContentReplaceBehavior [ RunTime:0.000000s ]
INFO: [ template_filter ] --END-- [ RunTime:0.000000s ]
NOTIC: [8] Undefined index: number D:\www\dev3pay\branches\test\thinkphp\Application\Runtime\Cache\Home\d9f819b3b48479d96fea8a8f2f546a01.php Á¨¨ 13 Ë°å.
NOTIC: [8] Undefined index: number D:\www\dev3pay\branches\test\thinkphp\Application\Runtime\Cache\Home\d9f819b3b48479d96fea8a8f2f546a01.php Á¨¨ 13 Ë°å.
NOTIC: [8] Undefined index: number D:\www\dev3pay\branches\test\thinkphp\Application\Runtime\Cache\Home\d9f819b3b48479d96fea8a8f2f546a01.php Á¨¨ 13 Ë°å.
NOTIC: [8] Undefined index: number D:\www\dev3pay\branches\test\thinkphp\Application\Runtime\Cache\Home\d9f819b3b48479d96fea8a8f2f546a01.php Á¨¨ 13 Ë°å.
NOTIC: [8] Undefined index: number D:\www\dev3pay\branches\test\thinkphp\Application\Runtime\Cache\Home\d9f819b3b48479d96fea8a8f2f546a01.php Á¨¨ 13 Ë°å.
NOTIC: [8] Undefined index: number D:\www\dev3pay\branches\test\thinkphp\Application\Runtime\Cache\Home\d9f819b3b48479d96fea8a8f2f546a01.php Á¨¨ 13 Ë°å.
NOTIC: [8] Undefined index: number D:\www\dev3pay\branches\test\thinkphp\Application\Runtime\Cache\Home\d9f819b3b48479d96fea8a8f2f546a01.php Á¨¨ 13 Ë°å.
NOTIC: [8] Undefined index: number D:\www\dev3pay\branches\test\thinkphp\Application\Runtime\Cache\Home\d9f819b3b48479d96fea8a8f2f546a01.php Á¨¨ 13 Ë°å.
NOTIC: [8] Undefined index: number D:\www\dev3pay\branches\test\thinkphp\Application\Runtime\Cache\Home\d9f819b3b48479d96fea8a8f2f546a01.php Á¨¨ 13 Ë°å.
NOTIC: [8] Undefined index: number D:\www\dev3pay\branches\test\thinkphp\Application\Runtime\Cache\Home\d9f819b3b48479d96fea8a8f2f546a01.php Á¨¨ 13 Ë°å.
NOTIC: [8] Undefined index: number D:\www\dev3pay\branches\test\thinkphp\Application\Runtime\Cache\Home\d9f819b3b48479d96fea8a8f2f546a01.php Á¨¨ 13 Ë°å.
NOTIC: [8] Undefined index: number D:\www\dev3pay\branches\test\thinkphp\Application\Runtime\Cache\Home\d9f819b3b48479d96fea8a8f2f546a01.php Á¨¨ 13 Ë°å.
NOTIC: [8] Undefined index: number D:\www\dev3pay\branches\test\thinkphp\Application\Runtime\Cache\Home\d9f819b3b48479d96fea8a8f2f546a01.php Á¨¨ 13 Ë°å.
NOTIC: [8] Undefined index: number D:\www\dev3pay\branches\test\thinkphp\Application\Runtime\Cache\Home\d9f819b3b48479d96fea8a8f2f546a01.php Á¨¨ 13 Ë°å.
NOTIC: [8] Undefined index: number D:\www\dev3pay\branches\test\thinkphp\Application\Runtime\Cache\Home\d9f819b3b48479d96fea8a8f2f546a01.php Á¨¨ 13 Ë°å.
NOTIC: [8] Undefined index: number D:\www\dev3pay\branches\test\thinkphp\Application\Runtime\Cache\Home\d9f819b3b48479d96fea8a8f2f546a01.php Á¨¨ 13 Ë°å.
NOTIC: [8] Undefined index: number D:\www\dev3pay\branches\test\thinkphp\Application\Runtime\Cache\Home\d9f819b3b48479d96fea8a8f2f546a01.php Á¨¨ 13 Ë°å.
NOTIC: [8] Undefined index: number D:\www\dev3pay\branches\test\thinkphp\Application\Runtime\Cache\Home\d9f819b3b48479d96fea8a8f2f546a01.php Á¨¨ 13 Ë°å.
NOTIC: [8] Undefined index: number D:\www\dev3pay\branches\test\thinkphp\Application\Runtime\Cache\Home\d9f819b3b48479d96fea8a8f2f546a01.php Á¨¨ 13 Ë°å.
NOTIC: [8] Undefined index: number D:\www\dev3pay\branches\test\thinkphp\Application\Runtime\Cache\Home\d9f819b3b48479d96fea8a8f2f546a01.php Á¨¨ 13 Ë°å.
NOTIC: [8] Undefined index: number D:\www\dev3pay\branches\test\thinkphp\Application\Runtime\Cache\Home\d9f819b3b48479d96fea8a8f2f546a01.php Á¨¨ 13 Ë°å.
NOTIC: [8] Undefined index: number D:\www\dev3pay\branches\test\thinkphp\Application\Runtime\Cache\Home\d9f819b3b48479d96fea8a8f2f546a01.php Á¨¨ 13 Ë°å.
NOTIC: [8] Undefined index: number D:\www\dev3pay\branches\test\thinkphp\Application\Runtime\Cache\Home\d9f819b3b48479d96fea8a8f2f546a01.php Á¨¨ 13 Ë°å.
NOTIC: [8] Undefined variable: key D:\www\dev3pay\branches\test\thinkphp\Application\Runtime\Cache\Home\d9f819b3b48479d96fea8a8f2f546a01.php Á¨¨ 46 Ë°å.
INFO: Run Behavior\ParseTemplateBehavior [ RunTime:0.010001s ]
INFO: [ view_parse ] --END-- [ RunTime:0.010001s ]
INFO: [ view_filter ] --START--
INFO: Run Behavior\WriteHtmlCacheBehavior [ RunTime:0.000000s ]
INFO: [ view_filter ] --END-- [ RunTime:0.000000s ]
INFO: [ app_end ] --START--
INFO: Run Behavior\ShowPageTraceBehavior [ RunTime:0.001000s ]
INFO: [ app_end ] --END-- [ RunTime:0.001000s ]

[ 2017-05-22T20:52:12+08:00 ] 127.0.0.1 /?m=Home&c=Test&a=test&id=1
INFO: [ app_init ] --START--
INFO: Run Behavior\BuildLiteBehavior [ RunTime:0.000000s ]
INFO: [ app_init ] --END-- [ RunTime:0.001000s ]
INFO: [ app_begin ] --START--
INFO: Run Behavior\ReadHtmlCacheBehavior [ RunTime:0.001000s ]
INFO: [ app_begin ] --END-- [ RunTime:0.001000s ]
SQL: SHOW COLUMNS FROM `test` [ RunTime:0.0050s ]
SQL: SELECT * FROM `test`  [ RunTime:0.0010s ]
INFO: [ view_parse ] --START--
INFO: [ template_filter ] --START--
INFO: Run Behavior\ContentReplaceBehavior [ RunTime:0.000000s ]
INFO: [ template_filter ] --END-- [ RunTime:0.000000s ]
NOTIC: [8] Undefined index: number D:\www\dev3pay\branches\test\thinkphp\Application\Runtime\Cache\Home\d9f819b3b48479d96fea8a8f2f546a01.php Á¨¨ 13 Ë°å.
NOTIC: [8] Undefined index: number D:\www\dev3pay\branches\test\thinkphp\Application\Runtime\Cache\Home\d9f819b3b48479d96fea8a8f2f546a01.php Á¨¨ 13 Ë°å.
NOTIC: [8] Undefined index: number D:\www\dev3pay\branches\test\thinkphp\Application\Runtime\Cache\Home\d9f819b3b48479d96fea8a8f2f546a01.php Á¨¨ 13 Ë°å.
NOTIC: [8] Undefined index: number D:\www\dev3pay\branches\test\thinkphp\Application\Runtime\Cache\Home\d9f819b3b48479d96fea8a8f2f546a01.php Á¨¨ 13 Ë°å.
NOTIC: [8] Undefined index: number D:\www\dev3pay\branches\test\thinkphp\Application\Runtime\Cache\Home\d9f819b3b48479d96fea8a8f2f546a01.php Á¨¨ 13 Ë°å.
NOTIC: [8] Undefined index: number D:\www\dev3pay\branches\test\thinkphp\Application\Runtime\Cache\Home\d9f819b3b48479d96fea8a8f2f546a01.php Á¨¨ 13 Ë°å.
NOTIC: [8] Undefined index: number D:\www\dev3pay\branches\test\thinkphp\Application\Runtime\Cache\Home\d9f819b3b48479d96fea8a8f2f546a01.php Á¨¨ 13 Ë°å.
NOTIC: [8] Undefined index: number D:\www\dev3pay\branches\test\thinkphp\Application\Runtime\Cache\Home\d9f819b3b48479d96fea8a8f2f546a01.php Á¨¨ 13 Ë°å.
NOTIC: [8] Undefined index: number D:\www\dev3pay\branches\test\thinkphp\Application\Runtime\Cache\Home\d9f819b3b48479d96fea8a8f2f546a01.php Á¨¨ 13 Ë°å.
NOTIC: [8] Undefined index: number D:\www\dev3pay\branches\test\thinkphp\Application\Runtime\Cache\Home\d9f819b3b48479d96fea8a8f2f546a01.php Á¨¨ 13 Ë°å.
NOTIC: [8] Undefined index: number D:\www\dev3pay\branches\test\thinkphp\Application\Runtime\Cache\Home\d9f819b3b48479d96fea8a8f2f546a01.php Á¨¨ 13 Ë°å.
NOTIC: [8] Undefined index: number D:\www\dev3pay\branches\test\thinkphp\Application\Runtime\Cache\Home\d9f819b3b48479d96fea8a8f2f546a01.php Á¨¨ 13 Ë°å.
NOTIC: [8] Undefined index: number D:\www\dev3pay\branches\test\thinkphp\Application\Runtime\Cache\Home\d9f819b3b48479d96fea8a8f2f546a01.php Á¨¨ 13 Ë°å.
NOTIC: [8] Undefined index: number D:\www\dev3pay\branches\test\thinkphp\Application\Runtime\Cache\Home\d9f819b3b48479d96fea8a8f2f546a01.php Á¨¨ 13 Ë°å.
NOTIC: [8] Undefined index: number D:\www\dev3pay\branches\test\thinkphp\Application\Runtime\Cache\Home\d9f819b3b48479d96fea8a8f2f546a01.php Á¨¨ 13 Ë°å.
NOTIC: [8] Undefined index: number D:\www\dev3pay\branches\test\thinkphp\Application\Runtime\Cache\Home\d9f819b3b48479d96fea8a8f2f546a01.php Á¨¨ 13 Ë°å.
NOTIC: [8] Undefined index: number D:\www\dev3pay\branches\test\thinkphp\Application\Runtime\Cache\Home\d9f819b3b48479d96fea8a8f2f546a01.php Á¨¨ 13 Ë°å.
NOTIC: [8] Undefined index: number D:\www\dev3pay\branches\test\thinkphp\Application\Runtime\Cache\Home\d9f819b3b48479d96fea8a8f2f546a01.php Á¨¨ 13 Ë°å.
NOTIC: [8] Undefined index: number D:\www\dev3pay\branches\test\thinkphp\Application\Runtime\Cache\Home\d9f819b3b48479d96fea8a8f2f546a01.php Á¨¨ 13 Ë°å.
NOTIC: [8] Undefined index: number D:\www\dev3pay\branches\test\thinkphp\Application\Runtime\Cache\Home\d9f819b3b48479d96fea8a8f2f546a01.php Á¨¨ 13 Ë°å.
NOTIC: [8] Undefined index: number D:\www\dev3pay\branches\test\thinkphp\Application\Runtime\Cache\Home\d9f819b3b48479d96fea8a8f2f546a01.php Á¨¨ 13 Ë°å.
NOTIC: [8] Undefined index: number D:\www\dev3pay\branches\test\thinkphp\Application\Runtime\Cache\Home\d9f819b3b48479d96fea8a8f2f546a01.php Á¨¨ 13 Ë°å.
NOTIC: [8] Undefined index: number D:\www\dev3pay\branches\test\thinkphp\Application\Runtime\Cache\Home\d9f819b3b48479d96fea8a8f2f546a01.php Á¨¨ 13 Ë°å.
NOTIC: [8] Undefined variable: key D:\www\dev3pay\branches\test\thinkphp\Application\Runtime\Cache\Home\d9f819b3b48479d96fea8a8f2f546a01.php Á¨¨ 46 Ë°å.
INFO: Run Behavior\ParseTemplateBehavior [ RunTime:0.011001s ]
INFO: [ view_parse ] --END-- [ RunTime:0.011001s ]
INFO: [ view_filter ] --START--
INFO: Run Behavior\WriteHtmlCacheBehavior [ RunTime:0.001000s ]
INFO: [ view_filter ] --END-- [ RunTime:0.001000s ]
INFO: [ app_end ] --START--
INFO: Run Behavior\ShowPageTraceBehavior [ RunTime:0.001000s ]
INFO: [ app_end ] --END-- [ RunTime:0.001000s ]

[ 2017-05-22T20:52:17+08:00 ] 127.0.0.1 /?m=HOme&c=Test&a=test&id=1
INFO: [ app_init ] --START--
INFO: Run Behavior\BuildLiteBehavior [ RunTime:0.000000s ]
INFO: [ app_init ] --END-- [ RunTime:0.001001s ]
INFO: [ app_begin ] --START--
INFO: Run Behavior\ReadHtmlCacheBehavior [ RunTime:0.001000s ]
INFO: [ app_begin ] --END-- [ RunTime:0.001000s ]
NOTIC: [2] include(d:/www/dev3pay/branches/test/thinkphp/./Application//HOme/Controller/TestController.php): failed to open stream: No such file or directory D:\www\dev3pay\branches\test\thinkphp\Application\Home\Conf\config.php Á¨¨ 20 Ë°å.
NOTIC: [2] include(): Failed opening 'd:/www/dev3pay/branches/test/thinkphp/./Application//HOme/Controller/TestController.php' for inclusion (include_path='.;C:\php\pear') D:\www\dev3pay\branches\test\thinkphp\Application\Home\Conf\config.php Á¨¨ 20 Ë°å.
NOTIC: [2] include(d:/www/dev3pay/branches/test/thinkphp/./Application//HOme/Controller/EmptyController.php): failed to open stream: No such file or directory D:\www\dev3pay\branches\test\thinkphp\Application\Home\Conf\config.php Á¨¨ 20 Ë°å.
NOTIC: [2] include(): Failed opening 'd:/www/dev3pay/branches/test/thinkphp/./Application//HOme/Controller/EmptyController.php' for inclusion (include_path='.;C:\php\pear') D:\www\dev3pay\branches\test\thinkphp\Application\Home\Conf\config.php Á¨¨ 20 Ë°å.
ERR: Êó†Ê≥ïÂä†ËΩΩÊéßÂà∂Âô®:Test

[ 2017-05-22T20:52:21+08:00 ] 127.0.0.1 /?m=Home&c=Test&a=test&id=1
INFO: [ app_init ] --START--
INFO: Run Behavior\BuildLiteBehavior [ RunTime:0.000000s ]
INFO: [ app_init ] --END-- [ RunTime:0.001000s ]
INFO: [ app_begin ] --START--
INFO: Run Behavior\ReadHtmlCacheBehavior [ RunTime:0.001001s ]
INFO: [ app_begin ] --END-- [ RunTime:0.001001s ]
SQL: SHOW COLUMNS FROM `test` [ RunTime:0.0050s ]
SQL: SELECT * FROM `test`  [ RunTime:0.0000s ]
INFO: [ view_parse ] --START--
INFO: [ template_filter ] --START--
INFO: Run Behavior\ContentReplaceBehavior [ RunTime:0.000000s ]
INFO: [ template_filter ] --END-- [ RunTime:0.000000s ]
NOTIC: [8] Undefined index: number D:\www\dev3pay\branches\test\thinkphp\Application\Runtime\Cache\Home\d9f819b3b48479d96fea8a8f2f546a01.php Á¨¨ 13 Ë°å.
NOTIC: [8] Undefined index: number D:\www\dev3pay\branches\test\thinkphp\Application\Runtime\Cache\Home\d9f819b3b48479d96fea8a8f2f546a01.php Á¨¨ 13 Ë°å.
NOTIC: [8] Undefined index: number D:\www\dev3pay\branches\test\thinkphp\Application\Runtime\Cache\Home\d9f819b3b48479d96fea8a8f2f546a01.php Á¨¨ 13 Ë°å.
NOTIC: [8] Undefined index: number D:\www\dev3pay\branches\test\thinkphp\Application\Runtime\Cache\Home\d9f819b3b48479d96fea8a8f2f546a01.php Á¨¨ 13 Ë°å.
NOTIC: [8] Undefined index: number D:\www\dev3pay\branches\test\thinkphp\Application\Runtime\Cache\Home\d9f819b3b48479d96fea8a8f2f546a01.php Á¨¨ 13 Ë°å.
NOTIC: [8] Undefined index: number D:\www\dev3pay\branches\test\thinkphp\Application\Runtime\Cache\Home\d9f819b3b48479d96fea8a8f2f546a01.php Á¨¨ 13 Ë°å.
NOTIC: [8] Undefined index: number D:\www\dev3pay\branches\test\thinkphp\Application\Runtime\Cache\Home\d9f819b3b48479d96fea8a8f2f546a01.php Á¨¨ 13 Ë°å.
NOTIC: [8] Undefined index: number D:\www\dev3pay\branches\test\thinkphp\Application\Runtime\Cache\Home\d9f819b3b48479d96fea8a8f2f546a01.php Á¨¨ 13 Ë°å.
NOTIC: [8] Undefined index: number D:\www\dev3pay\branches\test\thinkphp\Application\Runtime\Cache\Home\d9f819b3b48479d96fea8a8f2f546a01.php Á¨¨ 13 Ë°å.
NOTIC: [8] Undefined index: number D:\www\dev3pay\branches\test\thinkphp\Application\Runtime\Cache\Home\d9f819b3b48479d96fea8a8f2f546a01.php Á¨¨ 13 Ë°å.
NOTIC: [8] Undefined index: number D:\www\dev3pay\branches\test\thinkphp\Application\Runtime\Cache\Home\d9f819b3b48479d96fea8a8f2f546a01.php Á¨¨ 13 Ë°å.
NOTIC: [8] Undefined index: number D:\www\dev3pay\branches\test\thinkphp\Application\Runtime\Cache\Home\d9f819b3b48479d96fea8a8f2f546a01.php Á¨¨ 13 Ë°å.
NOTIC: [8] Undefined index: number D:\www\dev3pay\branches\test\thinkphp\Application\Runtime\Cache\Home\d9f819b3b48479d96fea8a8f2f546a01.php Á¨¨ 13 Ë°å.
NOTIC: [8] Undefined index: number D:\www\dev3pay\branches\test\thinkphp\Application\Runtime\Cache\Home\d9f819b3b48479d96fea8a8f2f546a01.php Á¨¨ 13 Ë°å.
NOTIC: [8] Undefined index: number D:\www\dev3pay\branches\test\thinkphp\Application\Runtime\Cache\Home\d9f819b3b48479d96fea8a8f2f546a01.php Á¨¨ 13 Ë°å.
NOTIC: [8] Undefined index: number D:\www\dev3pay\branches\test\thinkphp\Application\Runtime\Cache\Home\d9f819b3b48479d96fea8a8f2f546a01.php Á¨¨ 13 Ë°å.
NOTIC: [8] Undefined index: number D:\www\dev3pay\branches\test\thinkphp\Application\Runtime\Cache\Home\d9f819b3b48479d96fea8a8f2f546a01.php Á¨¨ 13 Ë°å.
NOTIC: [8] Undefined index: number D:\www\dev3pay\branches\test\thinkphp\Application\Runtime\Cache\Home\d9f819b3b48479d96fea8a8f2f546a01.php Á¨¨ 13 Ë°å.
NOTIC: [8] Undefined index: number D:\www\dev3pay\branches\test\thinkphp\Application\Runtime\Cache\Home\d9f819b3b48479d96fea8a8f2f546a01.php Á¨¨ 13 Ë°å.
NOTIC: [8] Undefined index: number D:\www\dev3pay\branches\test\thinkphp\Application\Runtime\Cache\Home\d9f819b3b48479d96fea8a8f2f546a01.php Á¨¨ 13 Ë°å.
NOTIC: [8] Undefined index: number D:\www\dev3pay\branches\test\thinkphp\Application\Runtime\Cache\Home\d9f819b3b48479d96fea8a8f2f546a01.php Á¨¨ 13 Ë°å.
NOTIC: [8] Undefined index: number D:\www\dev3pay\branches\test\thinkphp\Application\Runtime\Cache\Home\d9f819b3b48479d96fea8a8f2f546a01.php Á¨¨ 13 Ë°å.
NOTIC: [8] Undefined index: number D:\www\dev3pay\branches\test\thinkphp\Application\Runtime\Cache\Home\d9f819b3b48479d96fea8a8f2f546a01.php Á¨¨ 13 Ë°å.
NOTIC: [8] Undefined variable: key D:\www\dev3pay\branches\test\thinkphp\Application\Runtime\Cache\Home\d9f819b3b48479d96fea8a8f2f546a01.php Á¨¨ 46 Ë°å.
INFO: Run Behavior\ParseTemplateBehavior [ RunTime:0.011000s ]
INFO: [ view_parse ] --END-- [ RunTime:0.011000s ]
INFO: [ view_filter ] --START--
INFO: Run Behavior\WriteHtmlCacheBehavior [ RunTime:0.001000s ]
INFO: [ view_filter ] --END-- [ RunTime:0.001000s ]
INFO: [ app_end ] --START--
INFO: Run Behavior\ShowPageTraceBehavior [ RunTime:0.001000s ]
INFO: [ app_end ] --END-- [ RunTime:0.001000s ]

[ 2017-05-22T20:53:12+08:00 ] 127.0.0.1 /?m=Home&c=Test&a=test&id=1
INFO: [ app_init ] --START--
INFO: Run Behavior\BuildLiteBehavior [ RunTime:0.000000s ]
INFO: [ app_init ] --END-- [ RunTime:0.001000s ]
ERR: syntax error, unexpected ')', expecting end of file

[ 2017-05-22T20:53:24+08:00 ] 127.0.0.1 /?m=Home&c=Test&a=test&id=1
INFO: [ app_init ] --START--
INFO: Run Behavior\BuildLiteBehavior [ RunTime:0.000000s ]
INFO: [ app_init ] --END-- [ RunTime:0.001000s ]
INFO: [ app_begin ] --START--
INFO: Run Behavior\ReadHtmlCacheBehavior [ RunTime:0.001000s ]
INFO: [ app_begin ] --END-- [ RunTime:0.002000s ]
ERR: Class 'Home\Model\TestModel' not found

[ 2017-05-22T20:54:36+08:00 ] 127.0.0.1 /?m=Home&c=Test&a=test&id=1
INFO: [ app_init ] --START--
INFO: Run Behavior\BuildLiteBehavior [ RunTime:0.000000s ]
INFO: [ app_init ] --END-- [ RunTime:0.001000s ]
INFO: [ app_begin ] --START--
INFO: Run Behavior\ReadHtmlCacheBehavior [ RunTime:0.002000s ]
INFO: [ app_begin ] --END-- [ RunTime:0.002000s ]
ERR: Class 'Home\Model\TestModel' not found

[ 2017-05-22T20:54:43+08:00 ] 127.0.0.1 /?c=Test&a=test&id=1
INFO: [ app_init ] --START--
INFO: Run Behavior\BuildLiteBehavior [ RunTime:0.000000s ]
INFO: [ app_init ] --END-- [ RunTime:0.001000s ]
INFO: [ app_begin ] --START--
INFO: Run Behavior\ReadHtmlCacheBehavior [ RunTime:0.001001s ]
INFO: [ app_begin ] --END-- [ RunTime:0.001001s ]
ERR: Class 'Home\Model\TestModel' not found

[ 2017-05-22T20:55:19+08:00 ] 127.0.0.1 /?c=Test&a=test&id=1
INFO: [ app_init ] --START--
INFO: Run Behavior\BuildLiteBehavior [ RunTime:0.000000s ]
INFO: [ app_init ] --END-- [ RunTime:0.001000s ]
INFO: [ app_begin ] --START--
INFO: Run Behavior\ReadHtmlCacheBehavior [ RunTime:0.001000s ]
INFO: [ app_begin ] --END-- [ RunTime:0.001000s ]
SQL: SHOW COLUMNS FROM `test` [ RunTime:0.0050s ]
SQL: SELECT * FROM `test`  [ RunTime:0.0000s ]
INFO: [ view_parse ] --START--
INFO: [ template_filter ] --START--
INFO: Run Behavior\ContentReplaceBehavior [ RunTime:0.000000s ]
INFO: [ template_filter ] --END-- [ RunTime:0.000000s ]
NOTIC: [8] Undefined index: number D:\www\dev3pay\branches\test\thinkphp\Application\Runtime\Cache\Home\d9f819b3b48479d96fea8a8f2f546a01.php Á¨¨ 13 Ë°å.
NOTIC: [8] Undefined index: number D:\www\dev3pay\branches\test\thinkphp\Application\Runtime\Cache\Home\d9f819b3b48479d96fea8a8f2f546a01.php Á¨¨ 13 Ë°å.
NOTIC: [8] Undefined index: number D:\www\dev3pay\branches\test\thinkphp\Application\Runtime\Cache\Home\d9f819b3b48479d96fea8a8f2f546a01.php Á¨¨ 13 Ë°å.
NOTIC: [8] Undefined index: number D:\www\dev3pay\branches\test\thinkphp\Application\Runtime\Cache\Home\d9f819b3b48479d96fea8a8f2f546a01.php Á¨¨ 13 Ë°å.
NOTIC: [8] Undefined index: number D:\www\dev3pay\branches\test\thinkphp\Application\Runtime\Cache\Home\d9f819b3b48479d96fea8a8f2f546a01.php Á¨¨ 13 Ë°å.
NOTIC: [8] Undefined index: number D:\www\dev3pay\branches\test\thinkphp\Application\Runtime\Cache\Home\d9f819b3b48479d96fea8a8f2f546a01.php Á¨¨ 13 Ë°å.
NOTIC: [8] Undefined index: number D:\www\dev3pay\branches\test\thinkphp\Application\Runtime\Cache\Home\d9f819b3b48479d96fea8a8f2f546a01.php Á¨¨ 13 Ë°å.
NOTIC: [8] Undefined index: number D:\www\dev3pay\branches\test\thinkphp\Application\Runtime\Cache\Home\d9f819b3b48479d96fea8a8f2f546a01.php Á¨¨ 13 Ë°å.
NOTIC: [8] Undefined index: number D:\www\dev3pay\branches\test\thinkphp\Application\Runtime\Cache\Home\d9f819b3b48479d96fea8a8f2f546a01.php Á¨¨ 13 Ë°å.
NOTIC: [8] Undefined index: number D:\www\dev3pay\branches\test\thinkphp\Application\Runtime\Cache\Home\d9f819b3b48479d96fea8a8f2f546a01.php Á¨¨ 13 Ë°å.
NOTIC: [8] Undefined index: number D:\www\dev3pay\branches\test\thinkphp\Application\Runtime\Cache\Home\d9f819b3b48479d96fea8a8f2f546a01.php Á¨¨ 13 Ë°å.
NOTIC: [8] Undefined index: number D:\www\dev3pay\branches\test\thinkphp\Application\Runtime\Cache\Home\d9f819b3b48479d96fea8a8f2f546a01.php Á¨¨ 13 Ë°å.
NOTIC: [8] Undefined index: number D:\www\dev3pay\branches\test\thinkphp\Application\Runtime\Cache\Home\d9f819b3b48479d96fea8a8f2f546a01.php Á¨¨ 13 Ë°å.
NOTIC: [8] Undefined index: number D:\www\dev3pay\branches\test\thinkphp\Application\Runtime\Cache\Home\d9f819b3b48479d96fea8a8f2f546a01.php Á¨¨ 13 Ë°å.
NOTIC: [8] Undefined index: number D:\www\dev3pay\branches\test\thinkphp\Application\Runtime\Cache\Home\d9f819b3b48479d96fea8a8f2f546a01.php Á¨¨ 13 Ë°å.
NOTIC: [8] Undefined index: number D:\www\dev3pay\branches\test\thinkphp\Application\Runtime\Cache\Home\d9f819b3b48479d96fea8a8f2f546a01.php Á¨¨ 13 Ë°å.
NOTIC: [8] Undefined index: number D:\www\dev3pay\branches\test\thinkphp\Application\Runtime\Cache\Home\d9f819b3b48479d96fea8a8f2f546a01.php Á¨¨ 13 Ë°å.
NOTIC: [8] Undefined index: number D:\www\dev3pay\branches\test\thinkphp\Application\Runtime\Cache\Home\d9f819b3b48479d96fea8a8f2f546a01.php Á¨¨ 13 Ë°å.
NOTIC: [8] Undefined index: number D:\www\dev3pay\branches\test\thinkphp\Application\Runtime\Cache\Home\d9f819b3b48479d96fea8a8f2f546a01.php Á¨¨ 13 Ë°å.
NOTIC: [8] Undefined index: number D:\www\dev3pay\branches\test\thinkphp\Application\Runtime\Cache\Home\d9f819b3b48479d96fea8a8f2f546a01.php Á¨¨ 13 Ë°å.
NOTIC: [8] Undefined index: number D:\www\dev3pay\branches\test\thinkphp\Application\Runtime\Cache\Home\d9f819b3b48479d96fea8a8f2f546a01.php Á¨¨ 13 Ë°å.
NOTIC: [8] Undefined index: number D:\www\dev3pay\branches\test\thinkphp\Application\Runtime\Cache\Home\d9f819b3b48479d96fea8a8f2f546a01.php Á¨¨ 13 Ë°å.
NOTIC: [8] Undefined index: number D:\www\dev3pay\branches\test\thinkphp\Application\Runtime\Cache\Home\d9f819b3b48479d96fea8a8f2f546a01.php Á¨¨ 13 Ë°å.
NOTIC: [8] Undefined variable: key D:\www\dev3pay\branches\test\thinkphp\Application\Runtime\Cache\Home\d9f819b3b48479d96fea8a8f2f546a01.php Á¨¨ 46 Ë°å.
INFO: Run Behavior\ParseTemplateBehavior [ RunTime:0.012001s ]
INFO: [ view_parse ] --END-- [ RunTime:0.012001s ]
INFO: [ view_filter ] --START--
INFO: Run Behavior\WriteHtmlCacheBehavior [ RunTime:0.001000s ]
INFO: [ view_filter ] --END-- [ RunTime:0.001000s ]
INFO: [ app_end ] --START--
INFO: Run Behavior\ShowPageTraceBehavior [ RunTime:0.001000s ]
INFO: [ app_end ] --END-- [ RunTime:0.001000s ]

[ 2017-05-22T20:56:09+08:00 ] 127.0.0.1 /?m=Home&c=Test&a=test&id=1
INFO: [ app_init ] --START--
INFO: Run Behavior\BuildLiteBehavior [ RunTime:0.000000s ]
INFO: [ app_init ] --END-- [ RunTime:0.001000s ]
INFO: [ app_begin ] --START--
INFO: Run Behavior\ReadHtmlCacheBehavior [ RunTime:0.001000s ]
INFO: [ app_begin ] --END-- [ RunTime:0.001000s ]
SQL: SHOW COLUMNS FROM `test` [ RunTime:0.0070s ]
SQL: SELECT * FROM `test`  [ RunTime:0.0010s ]
INFO: [ view_parse ] --START--
INFO: [ template_filter ] --START--
INFO: Run Behavior\ContentReplaceBehavior [ RunTime:0.000000s ]
INFO: [ template_filter ] --END-- [ RunTime:0.000000s ]
NOTIC: [8] Undefined index: number D:\www\dev3pay\branches\test\thinkphp\Application\Runtime\Cache\Home\d9f819b3b48479d96fea8a8f2f546a01.php Á¨¨ 13 Ë°å.
NOTIC: [8] Undefined index: number D:\www\dev3pay\branches\test\thinkphp\Application\Runtime\Cache\Home\d9f819b3b48479d96fea8a8f2f546a01.php Á¨¨ 13 Ë°å.
NOTIC: [8] Undefined index: number D:\www\dev3pay\branches\test\thinkphp\Application\Runtime\Cache\Home\d9f819b3b48479d96fea8a8f2f546a01.php Á¨¨ 13 Ë°å.
NOTIC: [8] Undefined index: number D:\www\dev3pay\branches\test\thinkphp\Application\Runtime\Cache\Home\d9f819b3b48479d96fea8a8f2f546a01.php Á¨¨ 13 Ë°å.
NOTIC: [8] Undefined index: number D:\www\dev3pay\branches\test\thinkphp\Application\Runtime\Cache\Home\d9f819b3b48479d96fea8a8f2f546a01.php Á¨¨ 13 Ë°å.
NOTIC: [8] Undefined index: number D:\www\dev3pay\branches\test\thinkphp\Application\Runtime\Cache\Home\d9f819b3b48479d96fea8a8f2f546a01.php Á¨¨ 13 Ë°å.
NOTIC: [8] Undefined index: number D:\www\dev3pay\branches\test\thinkphp\Application\Runtime\Cache\Home\d9f819b3b48479d96fea8a8f2f546a01.php Á¨¨ 13 Ë°å.
NOTIC: [8] Undefined index: number D:\www\dev3pay\branches\test\thinkphp\Application\Runtime\Cache\Home\d9f819b3b48479d96fea8a8f2f546a01.php Á¨¨ 13 Ë°å.
NOTIC: [8] Undefined index: number D:\www\dev3pay\branches\test\thinkphp\Application\Runtime\Cache\Home\d9f819b3b48479d96fea8a8f2f546a01.php Á¨¨ 13 Ë°å.
NOTIC: [8] Undefined index: number D:\www\dev3pay\branches\test\thinkphp\Application\Runtime\Cache\Home\d9f819b3b48479d96fea8a8f2f546a01.php Á¨¨ 13 Ë°å.
NOTIC: [8] Undefined index: number D:\www\dev3pay\branches\test\thinkphp\Application\Runtime\Cache\Home\d9f819b3b48479d96fea8a8f2f546a01.php Á¨¨ 13 Ë°å.
NOTIC: [8] Undefined index: number D:\www\dev3pay\branches\test\thinkphp\Application\Runtime\Cache\Home\d9f819b3b48479d96fea8a8f2f546a01.php Á¨¨ 13 Ë°å.
NOTIC: [8] Undefined index: number D:\www\dev3pay\branches\test\thinkphp\Application\Runtime\Cache\Home\d9f819b3b48479d96fea8a8f2f546a01.php Á¨¨ 13 Ë°å.
NOTIC: [8] Undefined index: number D:\www\dev3pay\branches\test\thinkphp\Application\Runtime\Cache\Home\d9f819b3b48479d96fea8a8f2f546a01.php Á¨¨ 13 Ë°å.
NOTIC: [8] Undefined index: number D:\www\dev3pay\branches\test\thinkphp\Application\Runtime\Cache\Home\d9f819b3b48479d96fea8a8f2f546a01.php Á¨¨ 13 Ë°å.
NOTIC: [8] Undefined index: number D:\www\dev3pay\branches\test\thinkphp\Application\Runtime\Cache\Home\d9f819b3b48479d96fea8a8f2f546a01.php Á¨¨ 13 Ë°å.
NOTIC: [8] Undefined index: number D:\www\dev3pay\branches\test\thinkphp\Application\Runtime\Cache\Home\d9f819b3b48479d96fea8a8f2f546a01.php Á¨¨ 13 Ë°å.
NOTIC: [8] Undefined index: number D:\www\dev3pay\branches\test\thinkphp\Application\Runtime\Cache\Home\d9f819b3b48479d96fea8a8f2f546a01.php Á¨¨ 13 Ë°å.
NOTIC: [8] Undefined index: number D:\www\dev3pay\branches\test\thinkphp\Application\Runtime\Cache\Home\d9f819b3b48479d96fea8a8f2f546a01.php Á¨¨ 13 Ë°å.
NOTIC: [8] Undefined index: number D:\www\dev3pay\branches\test\thinkphp\Application\Runtime\Cache\Home\d9f819b3b48479d96fea8a8f2f546a01.php Á¨¨ 13 Ë°å.
NOTIC: [8] Undefined index: number D:\www\dev3pay\branches\test\thinkphp\Application\Runtime\Cache\Home\d9f819b3b48479d96fea8a8f2f546a01.php Á¨¨ 13 Ë°å.
NOTIC: [8] Undefined index: number D:\www\dev3pay\branches\test\thinkphp\Application\Runtime\Cache\Home\d9f819b3b48479d96fea8a8f2f546a01.php Á¨¨ 13 Ë°å.
NOTIC: [8] Undefined index: number D:\www\dev3pay\branches\test\thinkphp\Application\Runtime\Cache\Home\d9f819b3b48479d96fea8a8f2f546a01.php Á¨¨ 13 Ë°å.
NOTIC: [8] Undefined variable: key D:\www\dev3pay\branches\test\thinkphp\Application\Runtime\Cache\Home\d9f819b3b48479d96fea8a8f2f546a01.php Á¨¨ 46 Ë°å.
INFO: Run Behavior\ParseTemplateBehavior [ RunTime:0.013001s ]
INFO: [ view_parse ] --END-- [ RunTime:0.013001s ]
INFO: [ view_filter ] --START--
INFO: Run Behavior\WriteHtmlCacheBehavior [ RunTime:0.001000s ]
INFO: [ view_filter ] --END-- [ RunTime:0.001000s ]
INFO: [ app_end ] --START--
INFO: Run Behavior\ShowPageTraceBehavior [ RunTime:0.001000s ]
INFO: [ app_end ] --END-- [ RunTime:0.001000s ]

[ 2017-05-22T20:57:19+08:00 ] 127.0.0.1 /?c=Test&a=test&id=1
INFO: [ app_init ] --START--
INFO: Run Behavior\BuildLiteBehavior [ RunTime:0.000000s ]
INFO: [ app_init ] --END-- [ RunTime:0.001000s ]
INFO: [ app_begin ] --START--
INFO: Run Behavior\ReadHtmlCacheBehavior [ RunTime:0.001000s ]
INFO: [ app_begin ] --END-- [ RunTime:0.001000s ]
SQL: SHOW COLUMNS FROM `test` [ RunTime:0.0060s ]
SQL: SELECT * FROM `test`  [ RunTime:0.0010s ]
INFO: [ view_parse ] --START--
INFO: [ template_filter ] --START--
INFO: Run Behavior\ContentReplaceBehavior [ RunTime:0.000000s ]
INFO: [ template_filter ] --END-- [ RunTime:0.000000s ]
NOTIC: [8] Undefined index: number D:\www\dev3pay\branches\test\thinkphp\Application\Runtime\Cache\Home\d9f819b3b48479d96fea8a8f2f546a01.php Á¨¨ 13 Ë°å.
NOTIC: [8] Undefined index: number D:\www\dev3pay\branches\test\thinkphp\Application\Runtime\Cache\Home\d9f819b3b48479d96fea8a8f2f546a01.php Á¨¨ 13 Ë°å.
NOTIC: [8] Undefined index: number D:\www\dev3pay\branches\test\thinkphp\Application\Runtime\Cache\Home\d9f819b3b48479d96fea8a8f2f546a01.php Á¨¨ 13 Ë°å.
NOTIC: [8] Undefined index: number D:\www\dev3pay\branches\test\thinkphp\Application\Runtime\Cache\Home\d9f819b3b48479d96fea8a8f2f546a01.php Á¨¨ 13 Ë°å.
NOTIC: [8] Undefined index: number D:\www\dev3pay\branches\test\thinkphp\Application\Runtime\Cache\Home\d9f819b3b48479d96fea8a8f2f546a01.php Á¨¨ 13 Ë°å.
NOTIC: [8] Undefined index: number D:\www\dev3pay\branches\test\thinkphp\Application\Runtime\Cache\Home\d9f819b3b48479d96fea8a8f2f546a01.php Á¨¨ 13 Ë°å.
NOTIC: [8] Undefined index: number D:\www\dev3pay\branches\test\thinkphp\Application\Runtime\Cache\Home\d9f819b3b48479d96fea8a8f2f546a01.php Á¨¨ 13 Ë°å.
NOTIC: [8] Undefined index: number D:\www\dev3pay\branches\test\thinkphp\Application\Runtime\Cache\Home\d9f819b3b48479d96fea8a8f2f546a01.php Á¨¨ 13 Ë°å.
NOTIC: [8] Undefined index: number D:\www\dev3pay\branches\test\thinkphp\Application\Runtime\Cache\Home\d9f819b3b48479d96fea8a8f2f546a01.php Á¨¨ 13 Ë°å.
NOTIC: [8] Undefined index: number D:\www\dev3pay\branches\test\thinkphp\Application\Runtime\Cache\Home\d9f819b3b48479d96fea8a8f2f546a01.php Á¨¨ 13 Ë°å.
NOTIC: [8] Undefined index: number D:\www\dev3pay\branches\test\thinkphp\Application\Runtime\Cache\Home\d9f819b3b48479d96fea8a8f2f546a01.php Á¨¨ 13 Ë°å.
NOTIC: [8] Undefined index: number D:\www\dev3pay\branches\test\thinkphp\Application\Runtime\Cache\Home\d9f819b3b48479d96fea8a8f2f546a01.php Á¨¨ 13 Ë°å.
NOTIC: [8] Undefined index: number D:\www\dev3pay\branches\test\thinkphp\Application\Runtime\Cache\Home\d9f819b3b48479d96fea8a8f2f546a01.php Á¨¨ 13 Ë°å.
NOTIC: [8] Undefined index: number D:\www\dev3pay\branches\test\thinkphp\Application\Runtime\Cache\Home\d9f819b3b48479d96fea8a8f2f546a01.php Á¨¨ 13 Ë°å.
NOTIC: [8] Undefined index: number D:\www\dev3pay\branches\test\thinkphp\Application\Runtime\Cache\Home\d9f819b3b48479d96fea8a8f2f546a01.php Á¨¨ 13 Ë°å.
NOTIC: [8] Undefined index: number D:\www\dev3pay\branches\test\thinkphp\Application\Runtime\Cache\Home\d9f819b3b48479d96fea8a8f2f546a01.php Á¨¨ 13 Ë°å.
NOTIC: [8] Undefined index: number D:\www\dev3pay\branches\test\thinkphp\Application\Runtime\Cache\Home\d9f819b3b48479d96fea8a8f2f546a01.php Á¨¨ 13 Ë°å.
NOTIC: [8] Undefined index: number D:\www\dev3pay\branches\test\thinkphp\Application\Runtime\Cache\Home\d9f819b3b48479d96fea8a8f2f546a01.php Á¨¨ 13 Ë°å.
NOTIC: [8] Undefined index: number D:\www\dev3pay\branches\test\thinkphp\Application\Runtime\Cache\Home\d9f819b3b48479d96fea8a8f2f546a01.php Á¨¨ 13 Ë°å.
NOTIC: [8] Undefined index: number D:\www\dev3pay\branches\test\thinkphp\Application\Runtime\Cache\Home\d9f819b3b48479d96fea8a8f2f546a01.php Á¨¨ 13 Ë°å.
NOTIC: [8] Undefined index: number D:\www\dev3pay\branches\test\thinkphp\Application\Runtime\Cache\Home\d9f819b3b48479d96fea8a8f2f546a01.php Á¨¨ 13 Ë°å.
NOTIC: [8] Undefined index: number D:\www\dev3pay\branches\test\thinkphp\Application\Runtime\Cache\Home\d9f819b3b48479d96fea8a8f2f546a01.php Á¨¨ 13 Ë°å.
NOTIC: [8] Undefined index: number D:\www\dev3pay\branches\test\thinkphp\Application\Runtime\Cache\Home\d9f819b3b48479d96fea8a8f2f546a01.php Á¨¨ 13 Ë°å.
NOTIC: [8] Undefined variable: key D:\www\dev3pay\branches\test\thinkphp\Application\Runtime\Cache\Home\d9f819b3b48479d96fea8a8f2f546a01.php Á¨¨ 46 Ë°å.
INFO: Run Behavior\ParseTemplateBehavior [ RunTime:0.012001s ]
INFO: [ view_parse ] --END-- [ RunTime:0.012001s ]
INFO: [ view_filter ] --START--
INFO: Run Behavior\WriteHtmlCacheBehavior [ RunTime:0.000000s ]
INFO: [ view_filter ] --END-- [ RunTime:0.000000s ]
INFO: [ app_end ] --START--
INFO: Run Behavior\ShowPageTraceBehavior [ RunTime:0.001000s ]
INFO: [ app_end ] --END-- [ RunTime:0.001000s ]

