[ 2017-07-13T22:18:13+08:00 ] 127.0.0.1 /?c=Test&a=test&id=1
INFO: [ app_init ] --START--
INFO: Run Behavior\BuildLiteBehavior [ RunTime:0.000000s ]
INFO: [ app_init ] --END-- [ RunTime:0.001000s ]
INFO: [ app_begin ] --START--
INFO: Run Behavior\ReadHtmlCacheBehavior [ RunTime:0.002000s ]
INFO: [ app_begin ] --END-- [ RunTime:0.002000s ]
SQL: SHOW COLUMNS FROM `test` [ RunTime:0.0210s ]
SQL: SELECT * FROM `test`  [ RunTime:0.0010s ]
INFO: [ view_parse ] --START--
INFO: [ template_filter ] --START--
INFO: Run Behavior\ContentReplaceBehavior [ RunTime:0.000000s ]
INFO: [ template_filter ] --END-- [ RunTime:0.000000s ]
NOTIC: [8] Undefined index: number D:\www\dev3pay\branches\test\thinkphp\Application\Runtime\Cache\Home\d9f819b3b48479d96fea8a8f2f546a01.php 第 13 行.
NOTIC: [8] Undefined index: number D:\www\dev3pay\branches\test\thinkphp\Application\Runtime\Cache\Home\d9f819b3b48479d96fea8a8f2f546a01.php 第 13 行.
NOTIC: [8] Undefined index: number D:\www\dev3pay\branches\test\thinkphp\Application\Runtime\Cache\Home\d9f819b3b48479d96fea8a8f2f546a01.php 第 13 行.
NOTIC: [8] Undefined index: number D:\www\dev3pay\branches\test\thinkphp\Application\Runtime\Cache\Home\d9f819b3b48479d96fea8a8f2f546a01.php 第 13 行.
NOTIC: [8] Undefined index: number D:\www\dev3pay\branches\test\thinkphp\Application\Runtime\Cache\Home\d9f819b3b48479d96fea8a8f2f546a01.php 第 13 行.
NOTIC: [8] Undefined index: number D:\www\dev3pay\branches\test\thinkphp\Application\Runtime\Cache\Home\d9f819b3b48479d96fea8a8f2f546a01.php 第 13 行.
NOTIC: [8] Undefined index: number D:\www\dev3pay\branches\test\thinkphp\Application\Runtime\Cache\Home\d9f819b3b48479d96fea8a8f2f546a01.php 第 13 行.
NOTIC: [8] Undefined index: number D:\www\dev3pay\branches\test\thinkphp\Application\Runtime\Cache\Home\d9f819b3b48479d96fea8a8f2f546a01.php 第 13 行.
NOTIC: [8] Undefined index: number D:\www\dev3pay\branches\test\thinkphp\Application\Runtime\Cache\Home\d9f819b3b48479d96fea8a8f2f546a01.php 第 13 行.
NOTIC: [8] Undefined index: number D:\www\dev3pay\branches\test\thinkphp\Application\Runtime\Cache\Home\d9f819b3b48479d96fea8a8f2f546a01.php 第 13 行.
NOTIC: [8] Undefined index: number D:\www\dev3pay\branches\test\thinkphp\Application\Runtime\Cache\Home\d9f819b3b48479d96fea8a8f2f546a01.php 第 13 行.
NOTIC: [8] Undefined index: number D:\www\dev3pay\branches\test\thinkphp\Application\Runtime\Cache\Home\d9f819b3b48479d96fea8a8f2f546a01.php 第 13 行.
NOTIC: [8] Undefined index: number D:\www\dev3pay\branches\test\thinkphp\Application\Runtime\Cache\Home\d9f819b3b48479d96fea8a8f2f546a01.php 第 13 行.
NOTIC: [8] Undefined index: number D:\www\dev3pay\branches\test\thinkphp\Application\Runtime\Cache\Home\d9f819b3b48479d96fea8a8f2f546a01.php 第 13 行.
NOTIC: [8] Undefined index: number D:\www\dev3pay\branches\test\thinkphp\Application\Runtime\Cache\Home\d9f819b3b48479d96fea8a8f2f546a01.php 第 13 行.
NOTIC: [8] Undefined index: number D:\www\dev3pay\branches\test\thinkphp\Application\Runtime\Cache\Home\d9f819b3b48479d96fea8a8f2f546a01.php 第 13 行.
NOTIC: [8] Undefined index: number D:\www\dev3pay\branches\test\thinkphp\Application\Runtime\Cache\Home\d9f819b3b48479d96fea8a8f2f546a01.php 第 13 行.
NOTIC: [8] Undefined index: number D:\www\dev3pay\branches\test\thinkphp\Application\Runtime\Cache\Home\d9f819b3b48479d96fea8a8f2f546a01.php 第 13 行.
NOTIC: [8] Undefined index: number D:\www\dev3pay\branches\test\thinkphp\Application\Runtime\Cache\Home\d9f819b3b48479d96fea8a8f2f546a01.php 第 13 行.
NOTIC: [8] Undefined index: number D:\www\dev3pay\branches\test\thinkphp\Application\Runtime\Cache\Home\d9f819b3b48479d96fea8a8f2f546a01.php 第 13 行.
NOTIC: [8] Undefined index: number D:\www\dev3pay\branches\test\thinkphp\Application\Runtime\Cache\Home\d9f819b3b48479d96fea8a8f2f546a01.php 第 13 行.
NOTIC: [8] Undefined index: number D:\www\dev3pay\branches\test\thinkphp\Application\Runtime\Cache\Home\d9f819b3b48479d96fea8a8f2f546a01.php 第 13 行.
NOTIC: [8] Undefined index: number D:\www\dev3pay\branches\test\thinkphp\Application\Runtime\Cache\Home\d9f819b3b48479d96fea8a8f2f546a01.php 第 13 行.
NOTIC: [8] Undefined variable: key D:\www\dev3pay\branches\test\thinkphp\Application\Runtime\Cache\Home\d9f819b3b48479d96fea8a8f2f546a01.php 第 46 行.
INFO: Run Behavior\ParseTemplateBehavior [ RunTime:0.017001s ]
INFO: [ view_parse ] --END-- [ RunTime:0.017001s ]
INFO: [ view_filter ] --START--
INFO: Run Behavior\WriteHtmlCacheBehavior [ RunTime:0.002000s ]
INFO: [ view_filter ] --END-- [ RunTime:0.002000s ]
INFO: [ app_end ] --START--
INFO: Run Behavior\ShowPageTraceBehavior [ RunTime:0.002001s ]
INFO: [ app_end ] --END-- [ RunTime:0.002001s ]

